<?xml version="1.0" encoding="UTF-8"?>
<!-- Generated by org.testng.reporters.JUnitXMLReporter -->
<testsuite ignored="0" hostname="DESKTOP-80S1BNG" failures="0" tests="8" name="Test" time="95.805" errors="0" timestamp="2024-06-11T13:39:11 CEST">
  <testcase classname="uiTests.DashboardTest" name="TestLogoutUser" time="1.592"/>
  <testcase classname="uiTests.DashboardTest" name="TestVerifyAboutSection" time="1.824"/>
  <testcase classname="uiTests.DashboardTest" name="TestVerifyUserCanCloseAboutPopup" time="1.603"/>
  <testcase classname="uiTests.LoginTest" name="TestLoginInUser" time="2.231"/>
  <testcase classname="uiTests.LoginTest" name="TestLoginInWithWrongCredentials" time="2.449"/>
  <testcase classname="uiTests.RecruitmentTest" name="TestVerifyAddingNewCandidate" time="10.981"/>
  <testcase classname="uiTests.RecruitmentTest" name="TestVerifySearchingCandidateByName" time="4.874"/>
  <testcase classname="uiTests.RecruitmentTest" name="TestVerifyEditingCandidate" time="7.611"/>
</testsuite> <!-- Test -->
