<?xml version="1.0" encoding="UTF-8"?>
<!-- Generated by org.testng.reporters.JUnitXMLReporter -->
<testsuite ignored="14" hostname="DESKTOP-80S1BNG" failures="0" tests="1" name="Default test" time="8.166" errors="0" timestamp="2024-06-13T16:19:21 CEST">
  <testcase classname="apiTests.RecruitmentApiTest" name="mondoGet" time="2.342"/>
  <testcase classname="apiTests.RecruitmentApiTest" name="TestAPIverifyAddingAttachmentToNewCandidate" time="0.0">
    <ignored/>
  </testcase> <!-- TestAPIverifyAddingAttachmentToNewCandidate -->
  <testcase classname="apiTests.RecruitmentApiTest" name="TestAPIverifyUpdateingNewCandidate" time="0.0">
    <ignored/>
  </testcase> <!-- TestAPIverifyUpdateingNewCandidate -->
  <testcase classname="apiTests.RecruitmentApiTest" name="TestAPIverifyDeleteingExistingCandidate" time="0.0">
    <ignored/>
  </testcase> <!-- TestAPIverifyDeleteingExistingCandidate -->
  <testcase classname="apiTests.RecruitmentApiTest" name="TestAPIofferAJobToNewCandidate" time="0.0">
    <ignored/>
  </testcase> <!-- TestAPIofferAJobToNewCandidate -->
  <testcase classname="apiTests.RecruitmentApiTest" name="E2E" time="0.0">
    <ignored/>
  </testcase> <!-- E2E -->
  <testcase classname="apiTests.RecruitmentApiTest" name="TestAPIverifyAddingNewCandidate" time="0.0">
    <ignored/>
  </testcase> <!-- TestAPIverifyAddingNewCandidate -->
  <testcase classname="apiTests.RecruitmentApiTest" name="TestAPIVerifyShortlistNewCandidate" time="0.0">
    <ignored/>
  </testcase> <!-- TestAPIVerifyShortlistNewCandidate -->
  <testcase classname="apiTests.RecruitmentApiTest" name="TestAPImarkAsPassedIntervview" time="0.0">
    <ignored/>
  </testcase> <!-- TestAPImarkAsPassedIntervview -->
  <testcase classname="apiTests.RecruitmentApiTest" name="TestAPIverifyGetingNewCandidate" time="0.0">
    <ignored/>
  </testcase> <!-- TestAPIverifyGetingNewCandidate -->
  <testcase classname="apiTests.RecruitmentApiTest" name="mondoCreate" time="0.0">
    <ignored/>
  </testcase> <!-- mondoCreate -->
  <testcase classname="apiTests.RecruitmentApiTest" name="TestAPIhireNewCandidate" time="0.0">
    <ignored/>
  </testcase> <!-- TestAPIhireNewCandidate -->
  <testcase classname="apiTests.RecruitmentApiTest" name="TestAPILogout" time="0.0">
    <ignored/>
  </testcase> <!-- TestAPILogout -->
  <testcase classname="apiTests.RecruitmentApiTest" name="TestAPIVerifyScheduleInterviewWithNewcandidate" time="0.0">
    <ignored/>
  </testcase> <!-- TestAPIVerifyScheduleInterviewWithNewcandidate -->
  <testcase classname="apiTests.RecruitmentApiTest" name="mondoUpdate" time="0.0">
    <ignored/>
  </testcase> <!-- mondoUpdate -->
</testsuite> <!-- Default test -->
