<?xml version="1.0" encoding="UTF-8"?>
<!-- Generated by org.testng.reporters.JUnitXMLReporter -->
<testsuite ignored="2" hostname="DESKTOP-80S1BNG" failures="0" tests="1" name="Default test" time="6.351" errors="0" timestamp="2024-05-31T15:22:02 CEST">
  <testcase classname="api.tests.EmployeeApiTest" name="TestAPIverifyActivatingNewEmployee" time="0.603"/>
  <testcase classname="api.tests.EmployeeApiTest" name="E2E" time="0.0">
    <ignored/>
  </testcase> <!-- E2E -->
  <testcase classname="api.tests.EmployeeApiTest" name="TestAPIverifyAddingNewEmployee" time="0.0">
    <ignored/>
  </testcase> <!-- TestAPIverifyAddingNewEmployee -->
</testsuite> <!-- Default test -->
