<?xml version="1.0" encoding="UTF-8"?>
<testng-results ignored="11" total="12" passed="1" failed="0" skipped="0">
  <reporter-output>
  </reporter-output>
  <suite started-at="2024-06-12T15:27:28 CEST" name="Default suite" finished-at="2024-06-12T15:27:41 CEST" duration-ms="12951">
    <groups>
    </groups>
    <test started-at="2024-06-12T15:27:28 CEST" name="Default test" finished-at="2024-06-12T15:27:41 CEST" duration-ms="12951">
      <class name="apiTests.RecruitmentApiTest">
        <test-method is-config="true" signature="setLocal()[pri:0, instance:apiTests.RecruitmentApiTest@27406a17]" started-at="2024-06-12T15:27:28 CEST" name="setLocal" finished-at="2024-06-12T15:27:33 CEST" duration-ms="5688" status="PASS">
          <reporter-output>
          </reporter-output>
        </test-method> <!-- setLocal -->
        <test-method is-config="true" signature="setUp()[pri:0, instance:apiTests.RecruitmentApiTest@27406a17]" started-at="2024-06-12T15:27:33 CEST" name="setUp" finished-at="2024-06-12T15:27:33 CEST" duration-ms="1" status="PASS">
          <reporter-output>
          </reporter-output>
        </test-method> <!-- setUp -->
        <test-method signature="E2E()[pri:0, instance:apiTests.RecruitmentApiTest@27406a17]" started-at="2024-06-12T15:27:33 CEST" name="E2E" finished-at="2024-06-12T15:27:41 CEST" duration-ms="7185" status="PASS">
          <reporter-output>
          </reporter-output>
        </test-method> <!-- E2E -->
        <test-method is-config="true" signature="tearDown()[pri:0, instance:apiTests.RecruitmentApiTest@27406a17]" started-at="2024-06-12T15:27:41 CEST" name="tearDown" finished-at="2024-06-12T15:27:41 CEST" duration-ms="1" status="PASS">
          <reporter-output>
          </reporter-output>
        </test-method> <!-- tearDown -->
      </class> <!-- apiTests.RecruitmentApiTest -->
    </test> <!-- Default test -->
  </suite> <!-- Default suite -->
</testng-results>
